<?xml version="1.0" encoding="UTF-8"?>
<!-- Generated by org.testng.reporters.JUnitReportReporter -->
<testsuite skipped="0" hostname="LAPTOP-IAQHS7UT" name="conceptsF.crmTest" tests="1" failures="0" timestamp="2022-04-19T10:23:55 PDT" time="10.616" errors="0">
  <testcase name="addCustomerTest" time="10.616" classname="conceptsF.crmTest"/>
  <system-out/>
</testsuite> <!-- conceptsF.crmTest -->
